<?xml version="1.0" encoding="UTF-8"?>
<!-- Generated by org.testng.reporters.JUnitReportReporter -->
<testsuite skipped="0" hostname="DESKTOP-7GP1KNR" name="TestNG.tc1" tests="1" failures="0" timestamp="09 Aug 2020 02:17:36 GMT" time="15.535" errors="0">
  <testcase name="verfiy" time="15.535" classname="TestNG.tc1"/>
</testsuite> <!-- TestNG.tc1 -->
