<?xml version="1.0" encoding="UTF-8"?>
<!-- Generated by org.testng.reporters.JUnitReportReporter -->
<testsuite hostname="DESKTOP-CBG290L" failures="0" tests="1" name="TestNG.tc1" time="12.229" errors="0" timestamp="28 Mar 2022 02:48:39 GMT" skipped="0">
  <testcase classname="TestNG.tc1" name="verfiy" time="12.229"/>
</testsuite> <!-- TestNG.tc1 -->
